<?xml version="1.0" encoding="UTF-8"?>
<testsuite xmlns:xsi="http://www.w3.org/2001/XMLSchema-instance" xsi:noNamespaceSchemaLocation="https://maven.apache.org/surefire/maven-surefire-plugin/xsd/surefire-test-report-3.0.xsd" version="3.0" name="com.library.InjectionTest" time="0.681" tests="7" errors="0" skipped="0" failures="0">
  <properties>
[...]
</properties>
  <testcase name="testIndexBasedConstructorInjection" classname="com.library.InjectionTest" time="0.381">
    <system-out><![CDATA[BookRepository: Default constructor called
BookRepository: Initializing with sample data
BookRepository: Book saved - The Great Gatsby
BookRepository: Book saved - To Kill a Mockingbird
BookRepository: Book saved - 1984
BookRepository: Book saved - Spring in Action
BookRepository: Book saved - Effective Java
BookRepository: Initialized with 5 books
BookService: Constructor with BookRepository called
BookService: BookRepository injected via constructor
BookService: Full constructor called
BookService: All dependencies injected via constructor
BookService: Default constructor called
BookService: BookRepository setter called
BookService: BookRepository injected via setter
BookService: ServiceName setter called
BookService: ServiceName set to: Setter Injected Book Service
BookService: EnableLogging setter called
BookService: EnableLogging set to: true
BookService: Constructor with BookRepository called
BookService: BookRepository injected via constructor
BookService: ServiceName setter called
BookService: ServiceName set to: Mixed Injection Book Service
BookService: EnableLogging setter called
BookService: EnableLogging set to: false
BookService: Full constructor called
BookService: All dependencies injected via constructor
BookService: Full constructor called
BookService: All dependencies injected via constructor
]]></system-out>
  </testcase>
  <testcase name="testMixedInjection" classname="com.library.InjectionTest" time="0.041">
    <system-out><![CDATA[BookRepository: Default constructor called
BookRepository: Initializing with sample data
BookRepository: Book saved - The Great Gatsby
BookRepository: Book saved - To Kill a Mockingbird
BookRepository: Book saved - 1984
BookRepository: Book saved - Spring in Action
BookRepository: Book saved - Effective Java
BookRepository: Initialized with 5 books
BookService: Constructor with BookRepository called
BookService: BookRepository injected via constructor
BookService: Full constructor called
BookService: All dependencies injected via constructor
BookService: Default constructor called
BookService: BookRepository setter called
BookService: BookRepository injected via setter
BookService: ServiceName setter called
BookService: ServiceName set to: Setter Injected Book Service
BookService: EnableLogging setter called
BookService: EnableLogging set to: true
BookService: Constructor with BookRepository called
BookService: BookRepository injected via constructor
BookService: ServiceName setter called
BookService: ServiceName set to: Mixed Injection Book Service
BookService: EnableLogging setter called
BookService: EnableLogging set to: false
BookService: Full constructor called
BookService: All dependencies injected via constructor
BookService: Full constructor called
BookService: All dependencies injected via constructor
]]></system-out>
  </testcase>
  <testcase name="testAllServiceBeans" classname="com.library.InjectionTest" time="0.029">
    <system-out><![CDATA[BookRepository: Default constructor called
BookRepository: Initializing with sample data
BookRepository: Book saved - The Great Gatsby
BookRepository: Book saved - To Kill a Mockingbird
BookRepository: Book saved - 1984
BookRepository: Book saved - Spring in Action
BookRepository: Book saved - Effective Java
BookRepository: Initialized with 5 books
BookService: Constructor with BookRepository called
BookService: BookRepository injected via constructor
BookService: Full constructor called
BookService: All dependencies injected via constructor
BookService: Default constructor called
BookService: BookRepository setter called
BookService: BookRepository injected via setter
BookService: ServiceName setter called
BookService: ServiceName set to: Setter Injected Book Service
BookService: EnableLogging setter called
BookService: EnableLogging set to: true
BookService: Constructor with BookRepository called
BookService: BookRepository injected via constructor
BookService: ServiceName setter called
BookService: ServiceName set to: Mixed Injection Book Service
BookService: EnableLogging setter called
BookService: EnableLogging set to: false
BookService: Full constructor called
BookService: All dependencies injected via constructor
BookService: Full constructor called
BookService: All dependencies injected via constructor
]]></system-out>
  </testcase>
  <testcase name="testSetterInjection" classname="com.library.InjectionTest" time="0.038">
    <system-out><![CDATA[BookRepository: Default constructor called
BookRepository: Initializing with sample data
BookRepository: Book saved - The Great Gatsby
BookRepository: Book saved - To Kill a Mockingbird
BookRepository: Book saved - 1984
BookRepository: Book saved - Spring in Action
BookRepository: Book saved - Effective Java
BookRepository: Initialized with 5 books
BookService: Constructor with BookRepository called
BookService: BookRepository injected via constructor
BookService: Full constructor called
BookService: All dependencies injected via constructor
BookService: Default constructor called
BookService: BookRepository setter called
BookService: BookRepository injected via setter
BookService: ServiceName setter called
BookService: ServiceName set to: Setter Injected Book Service
BookService: EnableLogging setter called
BookService: EnableLogging set to: true
BookService: Constructor with BookRepository called
BookService: BookRepository injected via constructor
BookService: ServiceName setter called
BookService: ServiceName set to: Mixed Injection Book Service
BookService: EnableLogging setter called
BookService: EnableLogging set to: false
BookService: Full constructor called
BookService: All dependencies injected via constructor
BookService: Full constructor called
BookService: All dependencies injected via constructor
]]></system-out>
  </testcase>
  <testcase name="testTypeBasedConstructorInjection" classname="com.library.InjectionTest" time="0.031">
    <system-out><![CDATA[BookRepository: Default constructor called
BookRepository: Initializing with sample data
BookRepository: Book saved - The Great Gatsby
BookRepository: Book saved - To Kill a Mockingbird
BookRepository: Book saved - 1984
BookRepository: Book saved - Spring in Action
BookRepository: Book saved - Effective Java
BookRepository: Initialized with 5 books
BookService: Constructor with BookRepository called
BookService: BookRepository injected via constructor
BookService: Full constructor called
BookService: All dependencies injected via constructor
BookService: Default constructor called
BookService: BookRepository setter called
BookService: BookRepository injected via setter
BookService: ServiceName setter called
BookService: ServiceName set to: Setter Injected Book Service
BookService: EnableLogging setter called
BookService: EnableLogging set to: true
BookService: Constructor with BookRepository called
BookService: BookRepository injected via constructor
BookService: ServiceName setter called
BookService: ServiceName set to: Mixed Injection Book Service
BookService: EnableLogging setter called
BookService: EnableLogging set to: false
BookService: Full constructor called
BookService: All dependencies injected via constructor
BookService: Full constructor called
BookService: All dependencies injected via constructor
]]></system-out>
  </testcase>
  <testcase name="testConstructorInjection" classname="com.library.InjectionTest" time="0.037">
    <system-out><![CDATA[BookRepository: Default constructor called
BookRepository: Initializing with sample data
BookRepository: Book saved - The Great Gatsby
BookRepository: Book saved - To Kill a Mockingbird
BookRepository: Book saved - 1984
BookRepository: Book saved - Spring in Action
BookRepository: Book saved - Effective Java
BookRepository: Initialized with 5 books
BookService: Constructor with BookRepository called
BookService: BookRepository injected via constructor
BookService: Full constructor called
BookService: All dependencies injected via constructor
BookService: Default constructor called
BookService: BookRepository setter called
BookService: BookRepository injected via setter
BookService: ServiceName setter called
BookService: ServiceName set to: Setter Injected Book Service
BookService: EnableLogging setter called
BookService: EnableLogging set to: true
BookService: Constructor with BookRepository called
BookService: BookRepository injected via constructor
BookService: ServiceName setter called
BookService: ServiceName set to: Mixed Injection Book Service
BookService: EnableLogging setter called
BookService: EnableLogging set to: false
BookService: Full constructor called
BookService: All dependencies injected via constructor
BookService: Full constructor called
BookService: All dependencies injected via constructor
]]></system-out>
  </testcase>
  <testcase name="testMultipleConstructorParametersInjection" classname="com.library.InjectionTest" time="0.039">
    <system-out><![CDATA[BookRepository: Default constructor called
BookRepository: Initializing with sample data
BookRepository: Book saved - The Great Gatsby
BookRepository: Book saved - To Kill a Mockingbird
BookRepository: Book saved - 1984
BookRepository: Book saved - Spring in Action
BookRepository: Book saved - Effective Java
BookRepository: Initialized with 5 books
BookService: Constructor with BookRepository called
BookService: BookRepository injected via constructor
BookService: Full constructor called
BookService: All dependencies injected via constructor
BookService: Default constructor called
BookService: BookRepository setter called
BookService: BookRepository injected via setter
BookService: ServiceName setter called
BookService: ServiceName set to: Setter Injected Book Service
BookService: EnableLogging setter called
BookService: EnableLogging set to: true
BookService: Constructor with BookRepository called
BookService: BookRepository injected via constructor
BookService: ServiceName setter called
BookService: ServiceName set to: Mixed Injection Book Service
BookService: EnableLogging setter called
BookService: EnableLogging set to: false
BookService: Full constructor called
BookService: All dependencies injected via constructor
BookService: Full constructor called
BookService: All dependencies injected via constructor
]]></system-out>
  </testcase>
</testsuite>