<?xml version="1.0" encoding="UTF-8"?>
<testsuite xmlns:xsi="http://www.w3.org/2001/XMLSchema-instance" xsi:noNamespaceSchemaLocation="https://maven.apache.org/surefire/maven-surefire-plugin/xsd/surefire-test-report-3.0.xsd" version="3.0" name="com.cognizant.springlearn.SpringLearnApplicationTests" time="4.888" tests="2" errors="0" skipped="0" failures="0">
  <properties>
[...]
</properties>
  <testcase name="main" classname="com.cognizant.springlearn.SpringLearnApplicationTests" time="1.732">
    <system-out><![CDATA[18:09:24.954 [main] INFO org.springframework.test.context.support.AnnotationConfigContextLoaderUtils -- Could not detect default configuration classes for test class [com.cognizant.springlearn.SpringLearnApplicationTests]: SpringLearnApplicationTests does not declare any static, non-private, non-final, nested classes annotated with @Configuration.
18:09:25.099 [main] INFO org.springframework.boot.test.context.SpringBootTestContextBootstrapper -- Found @SpringBootConfiguration com.cognizant.springlearn.SpringLearnApplication for test class com.cognizant.springlearn.SpringLearnApplicationTests
18:09:25.412 [main] INFO org.springframework.boot.devtools.restart.RestartApplicationListener -- Restart disabled due to context in which it is running

  .   ____          _            __ _ _
 /\\ / ___'_ __ _ _(_)_ __  __ _ \ \ \ \
( ( )\___ | '_ | '_| | '_ \/ _` | \ \ \ \
 \\/  ___)| |_)| | | | | || (_| |  ) ) ) )
  '  |____| .__|_| |_|_| |_\__, | / / / /
 =========|_|==============|___/=/_/_/_/
 :: Spring Boot ::                (v3.2.0)

2025-07-09 18:09:25 - Starting SpringLearnApplicationTests using Java 24.0.1 with PID 19640 (started by saika in c:\Users\saika\OneDrive\Desktop\Cognizant\Digital-Nuture-4.0-JavaFSE\Week-4_Spring REST using Spring Boot 3\Create a Spring Web Project using Maven)
2025-07-09 18:09:25 - Running with Spring Boot v3.2.0, Spring v6.1.1
2025-07-09 18:09:25 - No active profile set, falling back to 1 default profile: "default"
2025-07-09 18:09:27 - Started SpringLearnApplicationTests in 2.454 seconds (process running for 3.905)
2025-07-09 18:09:28 - =================================================================
2025-07-09 18:09:28 - Starting Spring Learn Application...
2025-07-09 18:09:28 - =================================================================
2025-07-09 18:09:28 - Restart disabled due to context in which it is running

  .   ____          _            __ _ _
 /\\ / ___'_ __ _ _(_)_ __  __ _ \ \ \ \
( ( )\___ | '_ | '_| | '_ \/ _` | \ \ \ \
 \\/  ___)| |_)| | | | | || (_| |  ) ) ) )
  '  |____| .__|_| |_|_| |_\__, | / / / /
 =========|_|==============|___/=/_/_/_/
 :: Spring Boot ::                (v3.2.0)

2025-07-09 18:09:28 - Starting SpringLearnApplication using Java 24.0.1 with PID 19640 (started by saika in c:\Users\saika\OneDrive\Desktop\Cognizant\Digital-Nuture-4.0-JavaFSE\Week-4_Spring REST using Spring Boot 3\Create a Spring Web Project using Maven)
2025-07-09 18:09:28 - Running with Spring Boot v3.2.0, Spring v6.1.1
2025-07-09 18:09:28 - No active profile set, falling back to 1 default profile: "default"
2025-07-09 18:09:29 - Tomcat initialized with port 8080 (http)
2025-07-09 18:09:29 - Starting service [Tomcat]
2025-07-09 18:09:29 - Starting Servlet engine: [Apache Tomcat/10.1.16]
2025-07-09 18:09:29 - Initializing Spring embedded WebApplicationContext
2025-07-09 18:09:29 - Root WebApplicationContext: initialization completed in 673 ms
2025-07-09 18:09:29 - Tomcat started on port 8080 (http) with context path ''
2025-07-09 18:09:29 - Started SpringLearnApplication in 0.978 seconds (process running for 5.688)
2025-07-09 18:09:29 - =================================================================
2025-07-09 18:09:29 - Spring Learn Application started successfully!
2025-07-09 18:09:29 - Application is running on: http://localhost:8080
2025-07-09 18:09:29 - =================================================================
]]></system-out>
    <system-err><![CDATA[WARNING: A Java agent has been loaded dynamically (C:\Users\saika\.m2\repository\net\bytebuddy\byte-buddy-agent\1.14.10\byte-buddy-agent-1.14.10.jar)
WARNING: If a serviceability tool is in use, please run with -XX:+EnableDynamicAgentLoading to hide this warning
WARNING: If a serviceability tool is not in use, please run with -Djdk.instrument.traceUsage for more information
WARNING: Dynamic loading of agents will be disallowed by default in a future release
]]></system-err>
  </testcase>
  <testcase name="contextLoads" classname="com.cognizant.springlearn.SpringLearnApplicationTests" time="0.004"/>
</testsuite>