<?xml version="1.0" encoding="UTF-8"?>
<testsuite xmlns:xsi="http://www.w3.org/2001/XMLSchema-instance" xsi:noNamespaceSchemaLocation="https://maven.apache.org/surefire/maven-surefire-plugin/xsd/surefire-test-report-3.0.xsd" version="3.0" name="com.library.DependencyInjectionTest" time="1.109" tests="10" errors="0" skipped="0" failures="0">
  <properties>
[...]
</properties>
  <testcase name="testRepositoryCapacityConstraints" classname="com.library.DependencyInjectionTest" time="0.657">
    <system-out><![CDATA[17:23:29.791 [main] INFO  c.library.repository.BookRepository - BookRepository initialized with default constructor
17:23:29.864 [main] INFO  c.library.repository.BookRepository - Repository name set to: Advanced Library Database Repository
17:23:29.865 [main] INFO  c.library.repository.BookRepository - Repository capacity set to: 1000
17:23:29.866 [main] INFO  c.library.repository.BookRepository - Connection timeout set to: 30 seconds
17:23:29.882 [main] INFO  c.library.repository.BookRepository - BookRepository initialized with constructor injection - Name: Constructor-Based Repository, Capacity: 500, Timeout: 60
17:23:29.883 [main] INFO  com.library.service.BookService - BookService initialized with default constructor
17:23:29.887 [main] INFO  com.library.service.BookService - BookRepository injected into BookService via setter
17:23:29.887 [main] INFO  com.library.service.BookService - Service name set to: Enhanced Library Book Management Service
17:23:29.887 [main] INFO  com.library.service.BookService - Max books per user set to: 5
17:23:29.887 [main] INFO  com.library.service.BookService - Loan period set to: 14 days
17:23:29.895 [main] INFO  com.library.service.BookService - BookService initialized with constructor injection - Service: Constructor-Based Book Service, Max Books: 3, Loan Period: 21 days
17:23:29.896 [main] INFO  com.library.service.LibraryManager - LibraryManager initialized
17:23:29.899 [main] INFO  com.library.service.LibraryManager - BookService injected into LibraryManager
17:23:29.900 [main] INFO  com.library.service.LibraryManager - BookRepository injected into LibraryManager
17:23:29.900 [main] INFO  com.library.service.LibraryManager - Manager name set to: Chief Library Manager
17:23:29.900 [main] INFO  com.library.service.LibraryManager - Operating hours set to: 8:00 AM - 6:00 PM
17:23:29.900 [main] INFO  com.library.config.LibraryConfig - LibraryConfig initialized
17:23:29.903 [main] INFO  com.library.config.LibraryConfig - Application name configured: Digital Library Management System
17:23:29.903 [main] INFO  com.library.config.LibraryConfig - Version configured: 2.0
17:23:29.904 [main] INFO  com.library.config.LibraryConfig - Logging enabled: true
17:23:29.904 [main] INFO  com.library.config.LibraryConfig - Caching enabled: false
17:23:29.926 [main] INFO  c.library.repository.BookRepository - Testing repository connection with timeout: 30 seconds
17:23:30.027 [main] INFO  c.library.repository.BookRepository - Repository connection test successful
]]></system-out>
  </testcase>
  <testcase name="testBeanScopeAndLifecycle" classname="com.library.DependencyInjectionTest" time="0.061">
    <system-out><![CDATA[17:23:30.122 [main] INFO  c.library.repository.BookRepository - BookRepository initialized with default constructor
17:23:30.124 [main] INFO  c.library.repository.BookRepository - Repository name set to: Advanced Library Database Repository
17:23:30.124 [main] INFO  c.library.repository.BookRepository - Repository capacity set to: 1000
17:23:30.124 [main] INFO  c.library.repository.BookRepository - Connection timeout set to: 30 seconds
17:23:30.126 [main] INFO  c.library.repository.BookRepository - BookRepository initialized with constructor injection - Name: Constructor-Based Repository, Capacity: 500, Timeout: 60
17:23:30.126 [main] INFO  com.library.service.BookService - BookService initialized with default constructor
17:23:30.128 [main] INFO  com.library.service.BookService - BookRepository injected into BookService via setter
17:23:30.128 [main] INFO  com.library.service.BookService - Service name set to: Enhanced Library Book Management Service
17:23:30.128 [main] INFO  com.library.service.BookService - Max books per user set to: 5
17:23:30.128 [main] INFO  com.library.service.BookService - Loan period set to: 14 days
17:23:30.130 [main] INFO  com.library.service.BookService - BookService initialized with constructor injection - Service: Constructor-Based Book Service, Max Books: 3, Loan Period: 21 days
17:23:30.131 [main] INFO  com.library.service.LibraryManager - LibraryManager initialized
17:23:30.131 [main] INFO  com.library.service.LibraryManager - BookService injected into LibraryManager
17:23:30.131 [main] INFO  com.library.service.LibraryManager - BookRepository injected into LibraryManager
17:23:30.131 [main] INFO  com.library.service.LibraryManager - Manager name set to: Chief Library Manager
17:23:30.132 [main] INFO  com.library.service.LibraryManager - Operating hours set to: 8:00 AM - 6:00 PM
17:23:30.132 [main] INFO  com.library.config.LibraryConfig - LibraryConfig initialized
17:23:30.132 [main] INFO  com.library.config.LibraryConfig - Application name configured: Digital Library Management System
17:23:30.132 [main] INFO  com.library.config.LibraryConfig - Version configured: 2.0
17:23:30.132 [main] INFO  com.library.config.LibraryConfig - Logging enabled: true
17:23:30.133 [main] INFO  com.library.config.LibraryConfig - Caching enabled: false
]]></system-out>
  </testcase>
  <testcase name="testSpringContextLoads" classname="com.library.DependencyInjectionTest" time="0.05">
    <system-out><![CDATA[17:23:30.165 [main] INFO  c.library.repository.BookRepository - BookRepository initialized with default constructor
17:23:30.167 [main] INFO  c.library.repository.BookRepository - Repository name set to: Advanced Library Database Repository
17:23:30.167 [main] INFO  c.library.repository.BookRepository - Repository capacity set to: 1000
17:23:30.167 [main] INFO  c.library.repository.BookRepository - Connection timeout set to: 30 seconds
17:23:30.169 [main] INFO  c.library.repository.BookRepository - BookRepository initialized with constructor injection - Name: Constructor-Based Repository, Capacity: 500, Timeout: 60
17:23:30.170 [main] INFO  com.library.service.BookService - BookService initialized with default constructor
17:23:30.171 [main] INFO  com.library.service.BookService - BookRepository injected into BookService via setter
17:23:30.171 [main] INFO  com.library.service.BookService - Service name set to: Enhanced Library Book Management Service
17:23:30.171 [main] INFO  com.library.service.BookService - Max books per user set to: 5
17:23:30.172 [main] INFO  com.library.service.BookService - Loan period set to: 14 days
17:23:30.174 [main] INFO  com.library.service.BookService - BookService initialized with constructor injection - Service: Constructor-Based Book Service, Max Books: 3, Loan Period: 21 days
17:23:30.174 [main] INFO  com.library.service.LibraryManager - LibraryManager initialized
17:23:30.175 [main] INFO  com.library.service.LibraryManager - BookService injected into LibraryManager
17:23:30.176 [main] INFO  com.library.service.LibraryManager - BookRepository injected into LibraryManager
17:23:30.176 [main] INFO  com.library.service.LibraryManager - Manager name set to: Chief Library Manager
17:23:30.177 [main] INFO  com.library.service.LibraryManager - Operating hours set to: 8:00 AM - 6:00 PM
17:23:30.179 [main] INFO  com.library.config.LibraryConfig - LibraryConfig initialized
17:23:30.182 [main] INFO  com.library.config.LibraryConfig - Application name configured: Digital Library Management System
17:23:30.183 [main] INFO  com.library.config.LibraryConfig - Version configured: 2.0
17:23:30.183 [main] INFO  com.library.config.LibraryConfig - Logging enabled: true
17:23:30.183 [main] INFO  com.library.config.LibraryConfig - Caching enabled: false
]]></system-out>
  </testcase>
  <testcase name="testDifferentInjectionConfigurations" classname="com.library.DependencyInjectionTest" time="0.07">
    <system-out><![CDATA[17:23:30.237 [main] INFO  c.library.repository.BookRepository - BookRepository initialized with default constructor
17:23:30.239 [main] INFO  c.library.repository.BookRepository - Repository name set to: Advanced Library Database Repository
17:23:30.239 [main] INFO  c.library.repository.BookRepository - Repository capacity set to: 1000
17:23:30.239 [main] INFO  c.library.repository.BookRepository - Connection timeout set to: 30 seconds
17:23:30.242 [main] INFO  c.library.repository.BookRepository - BookRepository initialized with constructor injection - Name: Constructor-Based Repository, Capacity: 500, Timeout: 60
17:23:30.242 [main] INFO  com.library.service.BookService - BookService initialized with default constructor
17:23:30.244 [main] INFO  com.library.service.BookService - BookRepository injected into BookService via setter
17:23:30.244 [main] INFO  com.library.service.BookService - Service name set to: Enhanced Library Book Management Service
17:23:30.244 [main] INFO  com.library.service.BookService - Max books per user set to: 5
17:23:30.245 [main] INFO  com.library.service.BookService - Loan period set to: 14 days
17:23:30.247 [main] INFO  com.library.service.BookService - BookService initialized with constructor injection - Service: Constructor-Based Book Service, Max Books: 3, Loan Period: 21 days
17:23:30.248 [main] INFO  com.library.service.LibraryManager - LibraryManager initialized
17:23:30.249 [main] INFO  com.library.service.LibraryManager - BookService injected into LibraryManager
17:23:30.250 [main] INFO  com.library.service.LibraryManager - BookRepository injected into LibraryManager
17:23:30.250 [main] INFO  com.library.service.LibraryManager - Manager name set to: Chief Library Manager
17:23:30.250 [main] INFO  com.library.service.LibraryManager - Operating hours set to: 8:00 AM - 6:00 PM
17:23:30.250 [main] INFO  com.library.config.LibraryConfig - LibraryConfig initialized
17:23:30.251 [main] INFO  com.library.config.LibraryConfig - Application name configured: Digital Library Management System
17:23:30.252 [main] INFO  com.library.config.LibraryConfig - Version configured: 2.0
17:23:30.252 [main] INFO  com.library.config.LibraryConfig - Logging enabled: true
17:23:30.252 [main] INFO  com.library.config.LibraryConfig - Caching enabled: false
17:23:30.254 [main] INFO  com.library.service.BookService - Dependency injection status - BookRepository: INJECTED
17:23:30.256 [main] INFO  com.library.service.BookService - Dependency injection status - BookRepository: INJECTED
17:23:30.256 [main] INFO  com.library.service.BookService - Found 7 books in the library
17:23:30.257 [main] INFO  com.library.service.BookService - Found 7 books in the library
]]></system-out>
  </testcase>
  <testcase name="testBookServiceFunctionality" classname="com.library.DependencyInjectionTest" time="0.051">
    <system-out><![CDATA[17:23:30.288 [main] INFO  c.library.repository.BookRepository - BookRepository initialized with default constructor
17:23:30.290 [main] INFO  c.library.repository.BookRepository - Repository name set to: Advanced Library Database Repository
17:23:30.291 [main] INFO  c.library.repository.BookRepository - Repository capacity set to: 1000
17:23:30.291 [main] INFO  c.library.repository.BookRepository - Connection timeout set to: 30 seconds
17:23:30.296 [main] INFO  c.library.repository.BookRepository - BookRepository initialized with constructor injection - Name: Constructor-Based Repository, Capacity: 500, Timeout: 60
17:23:30.297 [main] INFO  com.library.service.BookService - BookService initialized with default constructor
17:23:30.299 [main] INFO  com.library.service.BookService - BookRepository injected into BookService via setter
17:23:30.299 [main] INFO  com.library.service.BookService - Service name set to: Enhanced Library Book Management Service
17:23:30.299 [main] INFO  com.library.service.BookService - Max books per user set to: 5
17:23:30.299 [main] INFO  com.library.service.BookService - Loan period set to: 14 days
17:23:30.302 [main] INFO  com.library.service.BookService - BookService initialized with constructor injection - Service: Constructor-Based Book Service, Max Books: 3, Loan Period: 21 days
17:23:30.302 [main] INFO  com.library.service.LibraryManager - LibraryManager initialized
17:23:30.303 [main] INFO  com.library.service.LibraryManager - BookService injected into LibraryManager
17:23:30.304 [main] INFO  com.library.service.LibraryManager - BookRepository injected into LibraryManager
17:23:30.305 [main] INFO  com.library.service.LibraryManager - Manager name set to: Chief Library Manager
17:23:30.305 [main] INFO  com.library.service.LibraryManager - Operating hours set to: 8:00 AM - 6:00 PM
17:23:30.306 [main] INFO  com.library.config.LibraryConfig - LibraryConfig initialized
17:23:30.306 [main] INFO  com.library.config.LibraryConfig - Application name configured: Digital Library Management System
17:23:30.307 [main] INFO  com.library.config.LibraryConfig - Version configured: 2.0
17:23:30.307 [main] INFO  com.library.config.LibraryConfig - Logging enabled: true
17:23:30.307 [main] INFO  com.library.config.LibraryConfig - Caching enabled: false
17:23:30.308 [main] INFO  com.library.service.BookService - Found 7 books in the library
17:23:30.308 [main] INFO  com.library.service.BookService - Searching books by category: 'Technology'
]]></system-out>
  </testcase>
  <testcase name="testMultiLevelDependencyInjection" classname="com.library.DependencyInjectionTest" time="0.04">
    <system-out><![CDATA[17:23:30.337 [main] INFO  c.library.repository.BookRepository - BookRepository initialized with default constructor
17:23:30.338 [main] INFO  c.library.repository.BookRepository - Repository name set to: Advanced Library Database Repository
17:23:30.339 [main] INFO  c.library.repository.BookRepository - Repository capacity set to: 1000
17:23:30.339 [main] INFO  c.library.repository.BookRepository - Connection timeout set to: 30 seconds
17:23:30.341 [main] INFO  c.library.repository.BookRepository - BookRepository initialized with constructor injection - Name: Constructor-Based Repository, Capacity: 500, Timeout: 60
17:23:30.341 [main] INFO  com.library.service.BookService - BookService initialized with default constructor
17:23:30.343 [main] INFO  com.library.service.BookService - BookRepository injected into BookService via setter
17:23:30.344 [main] INFO  com.library.service.BookService - Service name set to: Enhanced Library Book Management Service
17:23:30.345 [main] INFO  com.library.service.BookService - Max books per user set to: 5
17:23:30.345 [main] INFO  com.library.service.BookService - Loan period set to: 14 days
17:23:30.348 [main] INFO  com.library.service.BookService - BookService initialized with constructor injection - Service: Constructor-Based Book Service, Max Books: 3, Loan Period: 21 days
17:23:30.348 [main] INFO  com.library.service.LibraryManager - LibraryManager initialized
17:23:30.349 [main] INFO  com.library.service.LibraryManager - BookService injected into LibraryManager
17:23:30.349 [main] INFO  com.library.service.LibraryManager - BookRepository injected into LibraryManager
17:23:30.349 [main] INFO  com.library.service.LibraryManager - Manager name set to: Chief Library Manager
17:23:30.349 [main] INFO  com.library.service.LibraryManager - Operating hours set to: 8:00 AM - 6:00 PM
17:23:30.350 [main] INFO  com.library.config.LibraryConfig - LibraryConfig initialized
17:23:30.351 [main] INFO  com.library.config.LibraryConfig - Application name configured: Digital Library Management System
17:23:30.351 [main] INFO  com.library.config.LibraryConfig - Version configured: 2.0
17:23:30.351 [main] INFO  com.library.config.LibraryConfig - Logging enabled: true
17:23:30.351 [main] INFO  com.library.config.LibraryConfig - Caching enabled: false
17:23:30.352 [main] INFO  com.library.service.BookService - Dependency injection status - BookRepository: INJECTED
17:23:30.352 [main] INFO  com.library.service.LibraryManager - Dependency injection verification:
17:23:30.352 [main] INFO  com.library.service.LibraryManager - BookService injected: true
17:23:30.352 [main] INFO  com.library.service.LibraryManager - BookRepository injected: true
17:23:30.352 [main] INFO  com.library.service.BookService - Dependency injection status - BookRepository: INJECTED
17:23:30.352 [main] INFO  com.library.service.LibraryManager - BookService->BookRepository injected: true
17:23:30.352 [main] INFO  com.library.service.LibraryManager - All dependencies properly injected: true
]]></system-out>
  </testcase>
  <testcase name="testConfigurationPropertyInjection" classname="com.library.DependencyInjectionTest" time="0.028">
    <system-out><![CDATA[17:23:30.371 [main] INFO  c.library.repository.BookRepository - BookRepository initialized with default constructor
17:23:30.372 [main] INFO  c.library.repository.BookRepository - Repository name set to: Advanced Library Database Repository
17:23:30.372 [main] INFO  c.library.repository.BookRepository - Repository capacity set to: 1000
17:23:30.372 [main] INFO  c.library.repository.BookRepository - Connection timeout set to: 30 seconds
17:23:30.374 [main] INFO  c.library.repository.BookRepository - BookRepository initialized with constructor injection - Name: Constructor-Based Repository, Capacity: 500, Timeout: 60
17:23:30.374 [main] INFO  com.library.service.BookService - BookService initialized with default constructor
17:23:30.375 [main] INFO  com.library.service.BookService - BookRepository injected into BookService via setter
17:23:30.375 [main] INFO  com.library.service.BookService - Service name set to: Enhanced Library Book Management Service
17:23:30.375 [main] INFO  com.library.service.BookService - Max books per user set to: 5
17:23:30.375 [main] INFO  com.library.service.BookService - Loan period set to: 14 days
17:23:30.377 [main] INFO  com.library.service.BookService - BookService initialized with constructor injection - Service: Constructor-Based Book Service, Max Books: 3, Loan Period: 21 days
17:23:30.378 [main] INFO  com.library.service.LibraryManager - LibraryManager initialized
17:23:30.379 [main] INFO  com.library.service.LibraryManager - BookService injected into LibraryManager
17:23:30.379 [main] INFO  com.library.service.LibraryManager - BookRepository injected into LibraryManager
17:23:30.379 [main] INFO  com.library.service.LibraryManager - Manager name set to: Chief Library Manager
17:23:30.379 [main] INFO  com.library.service.LibraryManager - Operating hours set to: 8:00 AM - 6:00 PM
17:23:30.379 [main] INFO  com.library.config.LibraryConfig - LibraryConfig initialized
17:23:30.380 [main] INFO  com.library.config.LibraryConfig - Application name configured: Digital Library Management System
17:23:30.380 [main] INFO  com.library.config.LibraryConfig - Version configured: 2.0
17:23:30.380 [main] INFO  com.library.config.LibraryConfig - Logging enabled: true
17:23:30.380 [main] INFO  com.library.config.LibraryConfig - Caching enabled: false
]]></system-out>
  </testcase>
  <testcase name="testConstructorBasedDependencyInjection" classname="com.library.DependencyInjectionTest" time="0.025">
    <system-out><![CDATA[17:23:30.398 [main] INFO  c.library.repository.BookRepository - BookRepository initialized with default constructor
17:23:30.399 [main] INFO  c.library.repository.BookRepository - Repository name set to: Advanced Library Database Repository
17:23:30.399 [main] INFO  c.library.repository.BookRepository - Repository capacity set to: 1000
17:23:30.399 [main] INFO  c.library.repository.BookRepository - Connection timeout set to: 30 seconds
17:23:30.401 [main] INFO  c.library.repository.BookRepository - BookRepository initialized with constructor injection - Name: Constructor-Based Repository, Capacity: 500, Timeout: 60
17:23:30.401 [main] INFO  com.library.service.BookService - BookService initialized with default constructor
17:23:30.402 [main] INFO  com.library.service.BookService - BookRepository injected into BookService via setter
17:23:30.402 [main] INFO  com.library.service.BookService - Service name set to: Enhanced Library Book Management Service
17:23:30.402 [main] INFO  com.library.service.BookService - Max books per user set to: 5
17:23:30.402 [main] INFO  com.library.service.BookService - Loan period set to: 14 days
17:23:30.404 [main] INFO  com.library.service.BookService - BookService initialized with constructor injection - Service: Constructor-Based Book Service, Max Books: 3, Loan Period: 21 days
17:23:30.405 [main] INFO  com.library.service.LibraryManager - LibraryManager initialized
17:23:30.405 [main] INFO  com.library.service.LibraryManager - BookService injected into LibraryManager
17:23:30.405 [main] INFO  com.library.service.LibraryManager - BookRepository injected into LibraryManager
17:23:30.405 [main] INFO  com.library.service.LibraryManager - Manager name set to: Chief Library Manager
17:23:30.405 [main] INFO  com.library.service.LibraryManager - Operating hours set to: 8:00 AM - 6:00 PM
17:23:30.406 [main] INFO  com.library.config.LibraryConfig - LibraryConfig initialized
17:23:30.406 [main] INFO  com.library.config.LibraryConfig - Application name configured: Digital Library Management System
17:23:30.406 [main] INFO  com.library.config.LibraryConfig - Version configured: 2.0
17:23:30.406 [main] INFO  com.library.config.LibraryConfig - Logging enabled: true
17:23:30.406 [main] INFO  com.library.config.LibraryConfig - Caching enabled: false
17:23:30.407 [main] INFO  com.library.service.BookService - Dependency injection status - BookRepository: INJECTED
]]></system-out>
  </testcase>
  <testcase name="testSetterBasedDependencyInjection" classname="com.library.DependencyInjectionTest" time="0.037">
    <system-out><![CDATA[17:23:30.424 [main] INFO  c.library.repository.BookRepository - BookRepository initialized with default constructor
17:23:30.426 [main] INFO  c.library.repository.BookRepository - Repository name set to: Advanced Library Database Repository
17:23:30.426 [main] INFO  c.library.repository.BookRepository - Repository capacity set to: 1000
17:23:30.427 [main] INFO  c.library.repository.BookRepository - Connection timeout set to: 30 seconds
17:23:30.430 [main] INFO  c.library.repository.BookRepository - BookRepository initialized with constructor injection - Name: Constructor-Based Repository, Capacity: 500, Timeout: 60
17:23:30.431 [main] INFO  com.library.service.BookService - BookService initialized with default constructor
17:23:30.432 [main] INFO  com.library.service.BookService - BookRepository injected into BookService via setter
17:23:30.432 [main] INFO  com.library.service.BookService - Service name set to: Enhanced Library Book Management Service
17:23:30.433 [main] INFO  com.library.service.BookService - Max books per user set to: 5
17:23:30.433 [main] INFO  com.library.service.BookService - Loan period set to: 14 days
17:23:30.436 [main] INFO  com.library.service.BookService - BookService initialized with constructor injection - Service: Constructor-Based Book Service, Max Books: 3, Loan Period: 21 days
17:23:30.439 [main] INFO  com.library.service.LibraryManager - LibraryManager initialized
17:23:30.440 [main] INFO  com.library.service.LibraryManager - BookService injected into LibraryManager
17:23:30.440 [main] INFO  com.library.service.LibraryManager - BookRepository injected into LibraryManager
17:23:30.440 [main] INFO  com.library.service.LibraryManager - Manager name set to: Chief Library Manager
17:23:30.440 [main] INFO  com.library.service.LibraryManager - Operating hours set to: 8:00 AM - 6:00 PM
17:23:30.441 [main] INFO  com.library.config.LibraryConfig - LibraryConfig initialized
17:23:30.442 [main] INFO  com.library.config.LibraryConfig - Application name configured: Digital Library Management System
17:23:30.442 [main] INFO  com.library.config.LibraryConfig - Version configured: 2.0
17:23:30.442 [main] INFO  com.library.config.LibraryConfig - Logging enabled: true
17:23:30.442 [main] INFO  com.library.config.LibraryConfig - Caching enabled: false
17:23:30.443 [main] INFO  com.library.service.BookService - Dependency injection status - BookRepository: INJECTED
]]></system-out>
  </testcase>
  <testcase name="testBorrowingWorkflow" classname="com.library.DependencyInjectionTest" time="0.028">
    <system-out><![CDATA[17:23:30.460 [main] INFO  c.library.repository.BookRepository - BookRepository initialized with default constructor
17:23:30.464 [main] INFO  c.library.repository.BookRepository - Repository name set to: Advanced Library Database Repository
17:23:30.464 [main] INFO  c.library.repository.BookRepository - Repository capacity set to: 1000
17:23:30.464 [main] INFO  c.library.repository.BookRepository - Connection timeout set to: 30 seconds
17:23:30.466 [main] INFO  c.library.repository.BookRepository - BookRepository initialized with constructor injection - Name: Constructor-Based Repository, Capacity: 500, Timeout: 60
17:23:30.466 [main] INFO  com.library.service.BookService - BookService initialized with default constructor
17:23:30.467 [main] INFO  com.library.service.BookService - BookRepository injected into BookService via setter
17:23:30.467 [main] INFO  com.library.service.BookService - Service name set to: Enhanced Library Book Management Service
17:23:30.468 [main] INFO  com.library.service.BookService - Max books per user set to: 5
17:23:30.468 [main] INFO  com.library.service.BookService - Loan period set to: 14 days
17:23:30.470 [main] INFO  com.library.service.BookService - BookService initialized with constructor injection - Service: Constructor-Based Book Service, Max Books: 3, Loan Period: 21 days
17:23:30.470 [main] INFO  com.library.service.LibraryManager - LibraryManager initialized
17:23:30.471 [main] INFO  com.library.service.LibraryManager - BookService injected into LibraryManager
17:23:30.472 [main] INFO  com.library.service.LibraryManager - BookRepository injected into LibraryManager
17:23:30.472 [main] INFO  com.library.service.LibraryManager - Manager name set to: Chief Library Manager
17:23:30.472 [main] INFO  com.library.service.LibraryManager - Operating hours set to: 8:00 AM - 6:00 PM
17:23:30.472 [main] INFO  com.library.config.LibraryConfig - LibraryConfig initialized
17:23:30.473 [main] INFO  com.library.config.LibraryConfig - Application name configured: Digital Library Management System
17:23:30.473 [main] INFO  com.library.config.LibraryConfig - Version configured: 2.0
17:23:30.473 [main] INFO  com.library.config.LibraryConfig - Logging enabled: true
17:23:30.473 [main] INFO  com.library.config.LibraryConfig - Caching enabled: false
17:23:30.474 [main] INFO  com.library.service.BookService - Processing book borrow request for ID: 1 by user: TEST_USER
17:23:30.474 [main] INFO  c.library.repository.BookRepository - Saving book: The Great Gatsby to repository: Advanced Library Database Repository
17:23:30.474 [main] INFO  com.library.service.BookService - Book borrowed successfully: The Great Gatsby for 14 days
17:23:30.474 [main] INFO  com.library.service.BookService - Processing book return for ID: 1 by user: TEST_USER
17:23:30.474 [main] INFO  c.library.repository.BookRepository - Saving book: The Great Gatsby to repository: Advanced Library Database Repository
17:23:30.474 [main] INFO  com.library.service.BookService - Book returned successfully: The Great Gatsby
]]></system-out>
  </testcase>
</testsuite>