<?xml version="1.0" encoding="UTF-8"?>
<testsuite xmlns:xsi="http://www.w3.org/2001/XMLSchema-instance" xsi:noNamespaceSchemaLocation="https://maven.apache.org/surefire/maven-surefire-plugin/xsd/surefire-test-report-3.0.xsd" version="3.0" name="com.junit.basic.StringUtilsTest" time="0.025" tests="14" errors="0" skipped="0" failures="0">
  <properties>
[...]
</properties>
  <testcase name="testIsNumeric" classname="com.junit.basic.StringUtilsTest" time="0.002">
    <system-out><![CDATA[Setting up StringUtils test...
Testing isNumeric method
StringUtils test completed.

]]></system-out>
  </testcase>
  <testcase name="testIsPalindromeWithNull" classname="com.junit.basic.StringUtilsTest" time="0.001">
    <system-out><![CDATA[Setting up StringUtils test...
Testing isPalindrome with null
StringUtils test completed.

]]></system-out>
  </testcase>
  <testcase name="testRemoveExtraSpacesWithNull" classname="com.junit.basic.StringUtilsTest" time="0.002">
    <system-out><![CDATA[Setting up StringUtils test...
Testing removeExtraSpaces with null
StringUtils test completed.

]]></system-out>
  </testcase>
  <testcase name="testCapitalizeWordsWithExtraSpaces" classname="com.junit.basic.StringUtilsTest" time="0.002">
    <system-out><![CDATA[Setting up StringUtils test...
Testing capitalizeWords with extra spaces
StringUtils test completed.

]]></system-out>
  </testcase>
  <testcase name="testCapitalizeWordsWithNull" classname="com.junit.basic.StringUtilsTest" time="0.002">
    <system-out><![CDATA[Setting up StringUtils test...
Testing capitalizeWords with null
StringUtils test completed.

]]></system-out>
  </testcase>
  <testcase name="testCapitalizeWords" classname="com.junit.basic.StringUtilsTest" time="0.003">
    <system-out><![CDATA[Setting up StringUtils test...
Testing capitalizeWords method
StringUtils test completed.

]]></system-out>
  </testcase>
  <testcase name="testCountVowelsWithNull" classname="com.junit.basic.StringUtilsTest" time="0.002">
    <system-out><![CDATA[Setting up StringUtils test...
Testing countVowels with null
StringUtils test completed.

]]></system-out>
  </testcase>
  <testcase name="testIsNumericWithNullAndEmpty" classname="com.junit.basic.StringUtilsTest" time="0.001">
    <system-out><![CDATA[Setting up StringUtils test...
Testing isNumeric with null and empty
StringUtils test completed.

]]></system-out>
  </testcase>
  <testcase name="testIsPalindrome" classname="com.junit.basic.StringUtilsTest" time="0.001">
    <system-out><![CDATA[Setting up StringUtils test...
Testing isPalindrome method
StringUtils test completed.

]]></system-out>
  </testcase>
  <testcase name="testReverse" classname="com.junit.basic.StringUtilsTest" time="0.002">
    <system-out><![CDATA[Setting up StringUtils test...
Testing reverse method
StringUtils test completed.

]]></system-out>
  </testcase>
  <testcase name="testEdgeCases" classname="com.junit.basic.StringUtilsTest" time="0.002">
    <system-out><![CDATA[Setting up StringUtils test...
Testing edge cases
StringUtils test completed.

]]></system-out>
  </testcase>
  <testcase name="testRemoveExtraSpaces" classname="com.junit.basic.StringUtilsTest" time="0.001">
    <system-out><![CDATA[Setting up StringUtils test...
Testing removeExtraSpaces method
StringUtils test completed.

]]></system-out>
  </testcase>
  <testcase name="testCountVowels" classname="com.junit.basic.StringUtilsTest" time="0">
    <system-out><![CDATA[Setting up StringUtils test...
Testing countVowels method
StringUtils test completed.

]]></system-out>
  </testcase>
  <testcase name="testReverseWithNull" classname="com.junit.basic.StringUtilsTest" time="0.002">
    <system-out><![CDATA[Setting up StringUtils test...
Testing reverse with null
StringUtils test completed.

]]></system-out>
  </testcase>
</testsuite>