<?xml version="1.0" encoding="UTF-8"?>
<testsuite xmlns:xsi="http://www.w3.org/2001/XMLSchema-instance" xsi:noNamespaceSchemaLocation="https://maven.apache.org/surefire/maven-surefire-plugin/xsd/surefire-test-report-3.0.xsd" version="3.0" name="com.junit.exception.ExceptionThrowerTest" time="0.459" tests="24" errors="0" skipped="0" failures="0">
  <properties>
[...]
</properties>
  <testcase name="testValidateInputWithEmpty" classname="com.junit.exception.ExceptionThrowerTest" time="0.143">
    <system-out><![CDATA[Setting up test for exception testing...
Testing validateInput with empty input...
✓ IllegalArgumentException thrown for empty input
Test completed.

]]></system-out>
  </testcase>
  <testcase name="testProcessAgeNegative" classname="com.junit.exception.ExceptionThrowerTest" time="0.017">
    <system-out><![CDATA[Setting up test for exception testing...
Testing processAge with negative age...
✓ InvalidAgeException thrown for negative age
Test completed.

]]></system-out>
  </testcase>
  <testcase name="testMultipleExceptionsWithAssertAll" classname="com.junit.exception.ExceptionThrowerTest" time="0.023">
    <system-out><![CDATA[Setting up test for exception testing...
Testing multiple exceptions with assertAll...
✓ All exception assertions passed
Test completed.

]]></system-out>
  </testcase>
  <testcase name="testDivideByZero" classname="com.junit.exception.ExceptionThrowerTest" time="0.005">
    <system-out><![CDATA[Setting up test for exception testing...
Testing division by zero...
✓ ArithmeticException thrown for division by zero
Test completed.

]]></system-out>
  </testcase>
  <testcase name="testProcessAgeValid" classname="com.junit.exception.ExceptionThrowerTest" time="0.016">
    <system-out><![CDATA[Setting up test for exception testing...
Testing processAge with valid age...
✓ No exception thrown for valid age
Test completed.

]]></system-out>
  </testcase>
  <testcase name="testMultipleExceptionScenariosNull" classname="com.junit.exception.ExceptionThrowerTest" time="0.005">
    <system-out><![CDATA[Setting up test for exception testing...
Testing multiple exception scenarios - null...
✓ NullPointerException thrown for null scenario
Test completed.

]]></system-out>
  </testcase>
  <testcase name="testProcessAgeTooHigh" classname="com.junit.exception.ExceptionThrowerTest" time="0.009">
    <system-out><![CDATA[Setting up test for exception testing...
Testing processAge with age too high...
✓ InvalidAgeException thrown for age too high
Test completed.

]]></system-out>
  </testcase>
  <testcase name="testValidateInputWithValidInput" classname="com.junit.exception.ExceptionThrowerTest" time="0.004">
    <system-out><![CDATA[Setting up test for exception testing...
Testing validateInput with valid input...
✓ No exception thrown for valid input
Test completed.

]]></system-out>
  </testcase>
  <testcase name="testParseNumberValid" classname="com.junit.exception.ExceptionThrowerTest" time="0.016">
    <system-out><![CDATA[Setting up test for exception testing...
Testing parseNumber with valid input...
✓ Valid number parsed: 123
Test completed.

]]></system-out>
  </testcase>
  <testcase name="testProcessDataThrowException" classname="com.junit.exception.ExceptionThrowerTest" time="0.01">
    <system-out><![CDATA[Setting up test for exception testing...
Testing processData that should throw exception...
✓ UnsupportedOperationException thrown as expected
Test completed.

]]></system-out>
  </testcase>
  <testcase name="testValidateInputWithNull" classname="com.junit.exception.ExceptionThrowerTest" time="0.009">
    <system-out><![CDATA[Setting up test for exception testing...
Testing validateInput with null input...
✓ IllegalArgumentException thrown for null input
Test completed.

]]></system-out>
  </testcase>
  <testcase name="testGetArrayElementNullArray" classname="com.junit.exception.ExceptionThrowerTest" time="0.005">
    <system-out><![CDATA[Setting up test for exception testing...
Testing getArrayElement with null array...
✓ NullPointerException thrown for null array
Test completed.

]]></system-out>
  </testcase>
  <testcase name="testMultipleExceptionScenariosNoException" classname="com.junit.exception.ExceptionThrowerTest" time="0.004">
    <system-out><![CDATA[Setting up test for exception testing...
Testing multiple exception scenarios - normal...
✓ No exception thrown for normal scenario
Test completed.

]]></system-out>
  </testcase>
  <testcase name="testMultipleExceptionScenariosIllegal" classname="com.junit.exception.ExceptionThrowerTest" time="0.004">
    <system-out><![CDATA[Setting up test for exception testing...
Testing multiple exception scenarios - illegal...
✓ IllegalArgumentException thrown for illegal scenario
Test completed.

]]></system-out>
  </testcase>
  <testcase name="testParseNumberWithNull" classname="com.junit.exception.ExceptionThrowerTest" time="0.005">
    <system-out><![CDATA[Setting up test for exception testing...
Testing parseNumber with null input...
✓ NumberFormatException thrown for null input
Test completed.

]]></system-out>
  </testcase>
  <testcase name="testProcessDataNoException" classname="com.junit.exception.ExceptionThrowerTest" time="0.005">
    <system-out><![CDATA[Setting up test for exception testing...
Testing processData that should not throw exception...
✓ No exception thrown, result: TEST
Test completed.

]]></system-out>
  </testcase>
  <testcase name="testGetArrayElementInvalidIndex" classname="com.junit.exception.ExceptionThrowerTest" time="0.008">
    <system-out><![CDATA[Setting up test for exception testing...
Testing getArrayElement with invalid index...
✓ IndexOutOfBoundsException thrown for invalid index
Test completed.

]]></system-out>
  </testcase>
  <testcase name="testExceptionHierarchy" classname="com.junit.exception.ExceptionThrowerTest" time="0.004">
    <system-out><![CDATA[Setting up test for exception testing...
Testing exception hierarchy...
✓ Exception hierarchy test passed
Test completed.

]]></system-out>
  </testcase>
  <testcase name="testCheckStateValid" classname="com.junit.exception.ExceptionThrowerTest" time="0.004">
    <system-out><![CDATA[Setting up test for exception testing...
Testing checkState with valid state...
✓ No exception thrown for valid state
Test completed.

]]></system-out>
  </testcase>
  <testcase name="testGetArrayElementValid" classname="com.junit.exception.ExceptionThrowerTest" time="0.005">
    <system-out><![CDATA[Setting up test for exception testing...
Testing getArrayElement with valid index...
✓ Valid array element retrieved: second
Test completed.

]]></system-out>
  </testcase>
  <testcase name="testThrowException" classname="com.junit.exception.ExceptionThrowerTest" time="0.007">
    <system-out><![CDATA[Setting up test for exception testing...
Testing basic exception throwing...
✓ RuntimeException thrown with correct message
Test completed.

]]></system-out>
  </testcase>
  <testcase name="testValidDivision" classname="com.junit.exception.ExceptionThrowerTest" time="0.006">
    <system-out><![CDATA[Setting up test for exception testing...
Testing valid division...
✓ Valid division completed: 10/2 = 5
Test completed.

]]></system-out>
  </testcase>
  <testcase name="testCheckStateInvalid" classname="com.junit.exception.ExceptionThrowerTest" time="0.006">
    <system-out><![CDATA[Setting up test for exception testing...
Testing checkState with invalid state...
✓ IllegalStateException thrown for invalid state
Test completed.

]]></system-out>
  </testcase>
  <testcase name="testParseNumberInvalidFormat" classname="com.junit.exception.ExceptionThrowerTest" time="0.005">
    <system-out><![CDATA[Setting up test for exception testing...
Testing parseNumber with invalid format...
✓ NumberFormatException thrown for invalid format
Test completed.

]]></system-out>
  </testcase>
</testsuite>