<?xml version="1.0" encoding="UTF-8"?>
<testsuite xmlns:xsi="http://www.w3.org/2001/XMLSchema-instance" xsi:noNamespaceSchemaLocation="https://maven.apache.org/surefire/maven-surefire-plugin/xsd/surefire-test-report-3.0.xsd" version="3.0" name="com.library.LibraryManagementTest" time="0.853" tests="13" errors="0" skipped="0" failures="0">
  <properties>
[...]
</properties>
  <testcase name="testLibraryStatistics" classname="com.library.LibraryManagementTest" time="0.451">
    <system-out><![CDATA[17:08:06.562 [main] INFO  c.library.repository.BookRepository - BookRepository initialized
17:08:06.612 [main] INFO  c.library.repository.BookRepository - Repository name set to: Library Database Repository
17:08:06.615 [main] INFO  com.library.service.BookService - BookService initialized
17:08:06.619 [main] INFO  com.library.service.BookService - BookRepository injected into BookService
17:08:06.620 [main] INFO  com.library.service.BookService - Service name set to: Library Book Management Service
17:08:06.644 [main] INFO  com.library.service.BookService - Processing book borrow request for ID: 1
17:08:06.645 [main] INFO  c.library.repository.BookRepository - Saving book: The Great Gatsby
17:08:06.645 [main] INFO  com.library.service.BookService - Book borrowed successfully: The Great Gatsby
]]></system-out>
  </testcase>
  <testcase name="testAddBook" classname="com.library.LibraryManagementTest" time="0.039">
    <system-out><![CDATA[17:08:06.689 [main] INFO  c.library.repository.BookRepository - BookRepository initialized
17:08:06.690 [main] INFO  c.library.repository.BookRepository - Repository name set to: Library Database Repository
17:08:06.692 [main] INFO  com.library.service.BookService - BookService initialized
17:08:06.694 [main] INFO  com.library.service.BookService - BookRepository injected into BookService
17:08:06.694 [main] INFO  com.library.service.BookService - Service name set to: Library Book Management Service
17:08:06.695 [main] INFO  com.library.service.BookService - Adding new book: Test Book by Test Author
17:08:06.695 [main] INFO  c.library.repository.BookRepository - Saving book: Test Book
]]></system-out>
  </testcase>
  <testcase name="testUpdateNonExistentBook" classname="com.library.LibraryManagementTest" time="0.033">
    <system-out><![CDATA[17:08:06.729 [main] INFO  c.library.repository.BookRepository - BookRepository initialized
17:08:06.729 [main] INFO  c.library.repository.BookRepository - Repository name set to: Library Database Repository
17:08:06.730 [main] INFO  com.library.service.BookService - BookService initialized
17:08:06.730 [main] INFO  com.library.service.BookService - BookRepository injected into BookService
17:08:06.731 [main] INFO  com.library.service.BookService - Service name set to: Library Book Management Service
17:08:06.733 [main] INFO  com.library.service.BookService - Updating book with ID: 999
17:08:06.733 [main] ERROR com.library.service.BookService - Cannot update book - book not found with ID: 999
]]></system-out>
  </testcase>
  <testcase name="testBorrowAndReturnBook" classname="com.library.LibraryManagementTest" time="0.028">
    <system-out><![CDATA[17:08:06.756 [main] INFO  c.library.repository.BookRepository - BookRepository initialized
17:08:06.757 [main] INFO  c.library.repository.BookRepository - Repository name set to: Library Database Repository
17:08:06.758 [main] INFO  com.library.service.BookService - BookService initialized
17:08:06.759 [main] INFO  com.library.service.BookService - BookRepository injected into BookService
17:08:06.759 [main] INFO  com.library.service.BookService - Service name set to: Library Book Management Service
17:08:06.760 [main] INFO  com.library.service.BookService - Processing book borrow request for ID: 1
17:08:06.760 [main] INFO  c.library.repository.BookRepository - Saving book: The Great Gatsby
17:08:06.760 [main] INFO  com.library.service.BookService - Book borrowed successfully: The Great Gatsby
17:08:06.761 [main] INFO  com.library.service.BookService - Processing book borrow request for ID: 1
17:08:06.762 [main] WARN  com.library.service.BookService - Book is not available for borrowing: The Great Gatsby
17:08:06.762 [main] INFO  com.library.service.BookService - Processing book return for ID: 1
17:08:06.762 [main] INFO  c.library.repository.BookRepository - Saving book: The Great Gatsby
17:08:06.762 [main] INFO  com.library.service.BookService - Book returned successfully: The Great Gatsby
]]></system-out>
  </testcase>
  <testcase name="testFindBookById" classname="com.library.LibraryManagementTest" time="0.033">
    <system-out><![CDATA[17:08:06.792 [main] INFO  c.library.repository.BookRepository - BookRepository initialized
17:08:06.793 [main] INFO  c.library.repository.BookRepository - Repository name set to: Library Database Repository
17:08:06.793 [main] INFO  com.library.service.BookService - BookService initialized
17:08:06.795 [main] INFO  com.library.service.BookService - BookRepository injected into BookService
17:08:06.795 [main] INFO  com.library.service.BookService - Service name set to: Library Book Management Service
]]></system-out>
  </testcase>
  <testcase name="testGetAllBooks" classname="com.library.LibraryManagementTest" time="0.042">
    <system-out><![CDATA[17:08:06.834 [main] INFO  c.library.repository.BookRepository - BookRepository initialized
17:08:06.836 [main] INFO  c.library.repository.BookRepository - Repository name set to: Library Database Repository
17:08:06.837 [main] INFO  com.library.service.BookService - BookService initialized
17:08:06.838 [main] INFO  com.library.service.BookService - BookRepository injected into BookService
17:08:06.839 [main] INFO  com.library.service.BookService - Service name set to: Library Book Management Service
17:08:06.842 [main] INFO  com.library.service.BookService - Found 5 books
]]></system-out>
  </testcase>
  <testcase name="testUpdateBook" classname="com.library.LibraryManagementTest" time="0.037">
    <system-out><![CDATA[17:08:06.876 [main] INFO  c.library.repository.BookRepository - BookRepository initialized
17:08:06.878 [main] INFO  c.library.repository.BookRepository - Repository name set to: Library Database Repository
17:08:06.878 [main] INFO  com.library.service.BookService - BookService initialized
17:08:06.879 [main] INFO  com.library.service.BookService - BookRepository injected into BookService
17:08:06.879 [main] INFO  com.library.service.BookService - Service name set to: Library Book Management Service
17:08:06.881 [main] INFO  com.library.service.BookService - Updating book with ID: 2
17:08:06.881 [main] INFO  c.library.repository.BookRepository - Saving book: Updated Title
]]></system-out>
  </testcase>
  <testcase name="testSpringContextLoads" classname="com.library.LibraryManagementTest" time="0.017">
    <system-out><![CDATA[17:08:06.899 [main] INFO  c.library.repository.BookRepository - BookRepository initialized
17:08:06.900 [main] INFO  c.library.repository.BookRepository - Repository name set to: Library Database Repository
17:08:06.901 [main] INFO  com.library.service.BookService - BookService initialized
17:08:06.901 [main] INFO  com.library.service.BookService - BookRepository injected into BookService
17:08:06.901 [main] INFO  com.library.service.BookService - Service name set to: Library Book Management Service
]]></system-out>
  </testcase>
  <testcase name="testSearchBooksByTitle" classname="com.library.LibraryManagementTest" time="0.023">
    <system-out><![CDATA[17:08:06.919 [main] INFO  c.library.repository.BookRepository - BookRepository initialized
17:08:06.920 [main] INFO  c.library.repository.BookRepository - Repository name set to: Library Database Repository
17:08:06.920 [main] INFO  com.library.service.BookService - BookService initialized
17:08:06.921 [main] INFO  com.library.service.BookService - BookRepository injected into BookService
17:08:06.921 [main] INFO  com.library.service.BookService - Service name set to: Library Book Management Service
17:08:06.922 [main] INFO  com.library.service.BookService - Searching books by title: Great
]]></system-out>
  </testcase>
  <testcase name="testBeanConfiguration" classname="com.library.LibraryManagementTest" time="0.021">
    <system-out><![CDATA[17:08:06.944 [main] INFO  c.library.repository.BookRepository - BookRepository initialized
17:08:06.945 [main] INFO  c.library.repository.BookRepository - Repository name set to: Library Database Repository
17:08:06.945 [main] INFO  com.library.service.BookService - BookService initialized
17:08:06.946 [main] INFO  com.library.service.BookService - BookRepository injected into BookService
17:08:06.946 [main] INFO  com.library.service.BookService - Service name set to: Library Book Management Service
]]></system-out>
  </testcase>
  <testcase name="testDeleteBook" classname="com.library.LibraryManagementTest" time="0.019">
    <system-out><![CDATA[17:08:06.962 [main] INFO  c.library.repository.BookRepository - BookRepository initialized
17:08:06.963 [main] INFO  c.library.repository.BookRepository - Repository name set to: Library Database Repository
17:08:06.964 [main] INFO  com.library.service.BookService - BookService initialized
17:08:06.965 [main] INFO  com.library.service.BookService - BookRepository injected into BookService
17:08:06.966 [main] INFO  com.library.service.BookService - Service name set to: Library Book Management Service
17:08:06.967 [main] INFO  com.library.service.BookService - Deleting book with ID: 5
17:08:06.967 [main] INFO  c.library.repository.BookRepository - Deleting book with ID: 5
17:08:06.967 [main] INFO  com.library.service.BookService - Book deleted successfully with ID: 5
17:08:06.967 [main] WARN  com.library.service.BookService - Book not found with ID: 5
]]></system-out>
  </testcase>
  <testcase name="testDeleteNonExistentBook" classname="com.library.LibraryManagementTest" time="0.023">
    <system-out><![CDATA[17:08:06.987 [main] INFO  c.library.repository.BookRepository - BookRepository initialized
17:08:06.988 [main] INFO  c.library.repository.BookRepository - Repository name set to: Library Database Repository
17:08:06.989 [main] INFO  com.library.service.BookService - BookService initialized
17:08:06.990 [main] INFO  com.library.service.BookService - BookRepository injected into BookService
17:08:06.990 [main] INFO  com.library.service.BookService - Service name set to: Library Book Management Service
17:08:06.991 [main] INFO  com.library.service.BookService - Deleting book with ID: 999
17:08:06.992 [main] ERROR com.library.service.BookService - Cannot delete book - book not found with ID: 999
]]></system-out>
  </testcase>
  <testcase name="testSearchBooksByAuthor" classname="com.library.LibraryManagementTest" time="0.026">
    <system-out><![CDATA[17:08:07.012 [main] INFO  c.library.repository.BookRepository - BookRepository initialized
17:08:07.013 [main] INFO  c.library.repository.BookRepository - Repository name set to: Library Database Repository
17:08:07.014 [main] INFO  com.library.service.BookService - BookService initialized
17:08:07.014 [main] INFO  com.library.service.BookService - BookRepository injected into BookService
17:08:07.014 [main] INFO  com.library.service.BookService - Service name set to: Library Book Management Service
17:08:07.015 [main] INFO  com.library.service.BookService - Searching books by author: George
]]></system-out>
  </testcase>
</testsuite>