<?xml version="1.0" encoding="UTF-8"?>
<testsuite xmlns:xsi="http://www.w3.org/2001/XMLSchema-instance" xsi:noNamespaceSchemaLocation="https://maven.apache.org/surefire/maven-surefire-plugin/xsd/surefire-test-report-3.0.xsd" version="3.0" name="com.junit.aaa.BankAccountTest" time="0.127" tests="9" errors="0" skipped="0" failures="0">
  <properties>
[...]
</properties>
  <testcase name="testDeposit_ValidAmount_IncreasesBalance" classname="com.junit.aaa.BankAccountTest" time="0.022">
    <system-out><![CDATA[=== STARTING BANK ACCOUNT TEST SUITE ===
Setting up test environment...

--- Setting up test fixtures ---
Test fixtures ready: Primary Account=1000.00, Secondary Account=500.00
TEST: testDeposit_ValidAmount_IncreasesBalance
✓ Deposit test passed
--- Cleaning up test fixtures ---
Test fixtures cleaned up
]]></system-out>
  </testcase>
  <testcase name="testTransfer_ValidAmount_UpdatesBothAccounts" classname="com.junit.aaa.BankAccountTest" time="0.003">
    <system-out><![CDATA[
--- Setting up test fixtures ---
Test fixtures ready: Primary Account=1000.00, Secondary Account=500.00
TEST: testTransfer_ValidAmount_UpdatesBothAccounts
✓ Transfer test passed
--- Cleaning up test fixtures ---
Test fixtures cleaned up
]]></system-out>
  </testcase>
  <testcase name="testDeposit_InactiveAccount_ThrowsException" classname="com.junit.aaa.BankAccountTest" time="0.013">
    <system-out><![CDATA[
--- Setting up test fixtures ---
Test fixtures ready: Primary Account=1000.00, Secondary Account=500.00
TEST: testDeposit_InactiveAccount_ThrowsException
✓ Inactive account test passed - exception thrown as expected
--- Cleaning up test fixtures ---
Test fixtures cleaned up
]]></system-out>
  </testcase>
  <testcase name="testCloseAccount_ZeroBalance_ClosesSuccessfully" classname="com.junit.aaa.BankAccountTest" time="0.002">
    <system-out><![CDATA[
--- Setting up test fixtures ---
Test fixtures ready: Primary Account=1000.00, Secondary Account=500.00
TEST: testCloseAccount_ZeroBalance_ClosesSuccessfully
✓ Account closure test passed
--- Cleaning up test fixtures ---
Test fixtures cleaned up
]]></system-out>
  </testcase>
  <testcase name="testWithdraw_ValidAmount_DecreasesBalance" classname="com.junit.aaa.BankAccountTest" time="0.002">
    <system-out><![CDATA[
--- Setting up test fixtures ---
Test fixtures ready: Primary Account=1000.00, Secondary Account=500.00
TEST: testWithdraw_ValidAmount_DecreasesBalance
✓ Withdrawal test passed
--- Cleaning up test fixtures ---
Test fixtures cleaned up
]]></system-out>
  </testcase>
  <testcase name="testWithdraw_InsufficientFunds_ThrowsException" classname="com.junit.aaa.BankAccountTest" time="0.002">
    <system-out><![CDATA[
--- Setting up test fixtures ---
Test fixtures ready: Primary Account=1000.00, Secondary Account=500.00
TEST: testWithdraw_InsufficientFunds_ThrowsException
✓ Insufficient funds test passed - exception thrown as expected
--- Cleaning up test fixtures ---
Test fixtures cleaned up
]]></system-out>
  </testcase>
  <testcase name="testAccountCreation_ValidData_CreatesActiveAccount" classname="com.junit.aaa.BankAccountTest" time="0.001">
    <system-out><![CDATA[
--- Setting up test fixtures ---
Test fixtures ready: Primary Account=1000.00, Secondary Account=500.00
TEST: testAccountCreation_ValidData_CreatesActiveAccount
✓ Account creation test passed
--- Cleaning up test fixtures ---
Test fixtures cleaned up
]]></system-out>
  </testcase>
  <testcase name="testTransactionHistory_MultipleOperations_RecordsAllTransactions" classname="com.junit.aaa.BankAccountTest" time="0.002">
    <system-out><![CDATA[
--- Setting up test fixtures ---
Test fixtures ready: Primary Account=1000.00, Secondary Account=500.00
TEST: testTransactionHistory_MultipleOperations_RecordsAllTransactions
✓ Transaction history test passed
--- Cleaning up test fixtures ---
Test fixtures cleaned up
]]></system-out>
  </testcase>
  <testcase name="testDeposit_NegativeAmount_ThrowsException" classname="com.junit.aaa.BankAccountTest" time="0.002">
    <system-out><![CDATA[
--- Setting up test fixtures ---
Test fixtures ready: Primary Account=1000.00, Secondary Account=500.00
TEST: testDeposit_NegativeAmount_ThrowsException
✓ Negative deposit test passed - exception thrown as expected
--- Cleaning up test fixtures ---
Test fixtures cleaned up
]]></system-out>
  </testcase>
</testsuite>