<?xml version="1.0" encoding="UTF-8"?>
<testsuite xmlns:xsi="http://www.w3.org/2001/XMLSchema-instance" xsi:noNamespaceSchemaLocation="https://maven.apache.org/surefire/maven-surefire-plugin/xsd/surefire-test-report-3.0.xsd" version="3.0" name="com.junit.testsuite.CalculatorTest" time="0.027" tests="9" errors="0" skipped="0" failures="0">
  <properties>
[...]
</properties>
  <testcase name="testMultiplication" classname="com.junit.testsuite.CalculatorTest" time="0.063"/>
  <testcase name="testMultiplication" classname="com.junit.testsuite.CalculatorTest" time="0.001"/>
  <testcase name="testAddition" classname="com.junit.testsuite.CalculatorTest" time="0.002"/>
  <testcase name="testAddition" classname="com.junit.testsuite.CalculatorTest" time="0"/>
  <testcase name="testDivisionByZero" classname="com.junit.testsuite.CalculatorTest" time="0.006"/>
  <testcase name="testDivisionByZero" classname="com.junit.testsuite.CalculatorTest" time="0.002"/>
  <testcase name="testLargeNumbers" classname="com.junit.testsuite.CalculatorTest" time="0.001"/>
  <testcase name="testLargeNumbers" classname="com.junit.testsuite.CalculatorTest" time="0.001"/>
  <testcase name="testDivision" classname="com.junit.testsuite.CalculatorTest" time="0.002"/>
  <testcase name="testDivision" classname="com.junit.testsuite.CalculatorTest" time="0.005"/>
  <testcase name="testModulo" classname="com.junit.testsuite.CalculatorTest" time="0.001"/>
  <testcase name="testModulo" classname="com.junit.testsuite.CalculatorTest" time="0.001"/>
  <testcase name="testSubtraction" classname="com.junit.testsuite.CalculatorTest" time="0.001"/>
  <testcase name="testSubtraction" classname="com.junit.testsuite.CalculatorTest" time="0.001"/>
  <testcase name="testComplexOperations" classname="com.junit.testsuite.CalculatorTest" time="0.001"/>
  <testcase name="testComplexOperations" classname="com.junit.testsuite.CalculatorTest" time="0.002"/>
  <testcase name="testModuloByZero" classname="com.junit.testsuite.CalculatorTest" time="0.002"/>
  <testcase name="testModuloByZero" classname="com.junit.testsuite.CalculatorTest" time="0.001"/>
</testsuite>