<?xml version="1.0" encoding="UTF-8"?>
<testsuite xmlns:xsi="http://www.w3.org/2001/XMLSchema-instance" xsi:noNamespaceSchemaLocation="https://maven.apache.org/surefire/maven-surefire-plugin/xsd/surefire-test-report-3.0.xsd" version="3.0" name="com.junit.order.OrderedTests" time="0.264" tests="10" errors="0" skipped="0" failures="0">
  <properties>
[...]
</properties>
  <testcase name="testCreateAccount" classname="com.junit.order.OrderedTests" time="0.079">
    <system-out><![CDATA[=== Starting Ordered Tests ===
Preparing for test...
TEST 1: Creating user account
✓ Account created successfully
Test completed. Current balance: $0.0
---
]]></system-out>
  </testcase>
  <testcase name="testActivateAccount" classname="com.junit.order.OrderedTests" time="0.011">
    <system-out><![CDATA[Preparing for test...
TEST 2: Activating user account
✓ Account activated successfully
Test completed. Current balance: $0.0
---
]]></system-out>
  </testcase>
  <testcase name="testInitialDeposit" classname="com.junit.order.OrderedTests" time="0.009">
    <system-out><![CDATA[Preparing for test...
TEST 3: Making initial deposit
✓ Initial deposit of $1000 completed
Test completed. Current balance: $1000.0
---
]]></system-out>
  </testcase>
  <testcase name="testAdditionalDeposit" classname="com.junit.order.OrderedTests" time="0.005">
    <system-out><![CDATA[Preparing for test...
TEST 4: Making additional deposit
✓ Additional deposit of $500 completed
Test completed. Current balance: $1500.0
---
]]></system-out>
  </testcase>
  <testcase name="testWithdrawal" classname="com.junit.order.OrderedTests" time="0.004">
    <system-out><![CDATA[Preparing for test...
TEST 5: Making withdrawal
✓ Withdrawal of $300 completed
Test completed. Current balance: $1200.0
---
]]></system-out>
  </testcase>
  <testcase name="testSetupSecondAccount" classname="com.junit.order.OrderedTests" time="0.008">
    <system-out><![CDATA[Preparing for test...
TEST 6: Setting up second account for transfer
✓ Second account created and activated
Test completed. Current balance: $1200.0
---
]]></system-out>
  </testcase>
  <testcase name="testTransferMoney" classname="com.junit.order.OrderedTests" time="0.012">
    <system-out><![CDATA[Preparing for test...
TEST 7: Transferring money between accounts
✓ Transfer of $200 completed
Test completed. Current balance: $1000.0
---
]]></system-out>
  </testcase>
  <testcase name="testTransactionHistory" classname="com.junit.order.OrderedTests" time="0.013">
    <system-out><![CDATA[Preparing for test...
TEST 8: Verifying transaction history
✓ Transaction history verified (7 transactions)
Test completed. Current balance: $1000.0
---
]]></system-out>
  </testcase>
  <testcase name="testErrorConditions" classname="com.junit.order.OrderedTests" time="0.011">
    <system-out><![CDATA[Preparing for test...
TEST 9: Testing error conditions
✓ Error conditions tested successfully
Test completed. Current balance: $1000.0
---
]]></system-out>
  </testcase>
  <testcase name="testFinalBalance" classname="com.junit.order.OrderedTests" time="0.004">
    <system-out><![CDATA[Preparing for test...
TEST 10: Final balance verification
✓ Final balance verification completed
  Main account balance: $1000.0
  Second account balance: $200.0
Test completed. Current balance: $1000.0
---
]]></system-out>
  </testcase>
</testsuite>