<?xml version="1.0" encoding="UTF-8"?>
<testsuite xmlns:xsi="http://www.w3.org/2001/XMLSchema-instance" xsi:noNamespaceSchemaLocation="https://maven.apache.org/surefire/maven-surefire-plugin/xsd/surefire-test-report-3.0.xsd" version="3.0" name="com.junit.assertions.AssertionsTest" time="0.105" tests="9" errors="0" skipped="0" failures="0">
  <properties>
[...]
</properties>
  <testcase name="testEdgeCaseAssertions" classname="com.junit.assertions.AssertionsTest" time="0.01">
    <system-out><![CDATA[Setting up AssertionsTest...
Testing edge cases
Edge case assertions passed!
AssertionsTest completed.

]]></system-out>
  </testcase>
  <testcase name="testCollectionAssertions" classname="com.junit.assertions.AssertionsTest" time="0.002">
    <system-out><![CDATA[Setting up AssertionsTest...
Testing collection assertions
Collection assertions passed!
AssertionsTest completed.

]]></system-out>
  </testcase>
  <testcase name="testComprehensiveAssertions" classname="com.junit.assertions.AssertionsTest" time="0.013">
    <system-out><![CDATA[Setting up AssertionsTest...
Testing comprehensive assertion scenarios
Comprehensive assertions passed!
AssertionsTest completed.

]]></system-out>
  </testcase>
  <testcase name="testExceptionAssertions" classname="com.junit.assertions.AssertionsTest" time="0.001">
    <system-out><![CDATA[Setting up AssertionsTest...
Testing scenarios that should NOT throw exceptions
Exception assertions passed!
AssertionsTest completed.

]]></system-out>
  </testcase>
  <testcase name="testObjectAssertions" classname="com.junit.assertions.AssertionsTest" time="0.002">
    <system-out><![CDATA[Setting up AssertionsTest...
Testing object assertions
Object assertions passed!
AssertionsTest completed.

]]></system-out>
  </testcase>
  <testcase name="testAssertions" classname="com.junit.assertions.AssertionsTest" time="0.001">
    <system-out><![CDATA[Setting up AssertionsTest...
Testing basic assertions
Basic assertions passed!
AssertionsTest completed.

]]></system-out>
  </testcase>
  <testcase name="testBooleanAssertions" classname="com.junit.assertions.AssertionsTest" time="0.001">
    <system-out><![CDATA[Setting up AssertionsTest...
Testing boolean assertions
Boolean assertions passed!
AssertionsTest completed.

]]></system-out>
  </testcase>
  <testcase name="testStringAssertions" classname="com.junit.assertions.AssertionsTest" time="0.001">
    <system-out><![CDATA[Setting up AssertionsTest...
Testing string assertions
String assertions passed!
AssertionsTest completed.

]]></system-out>
  </testcase>
  <testcase name="testNumericAssertions" classname="com.junit.assertions.AssertionsTest" time="0.001">
    <system-out><![CDATA[Setting up AssertionsTest...
Testing numeric assertions
Numeric assertions passed!
AssertionsTest completed.

]]></system-out>
  </testcase>
</testsuite>